============================= test session starts ==============================
platform darwin -- Python 3.13.5, pytest-7.4.0, pluggy-1.6.0 -- /opt/homebrew/opt/python@3.13/bin/python3.13
cachedir: .pytest_cache
benchmark: 4.0.0 (defaults: timer=time.perf_counter disable_gc=False min_rounds=5 min_time=0.000005 max_time=1.0 calibration_precision=10 warmup=False warmup_iterations=100000)
rootdir: /Users/jmarwell/drip-3d.com/drip-team-portal/backend
plugins: asyncio-0.21.0, anyio-4.9.0, cov-6.2.1, benchmark-4.0.0
asyncio: mode=Mode.STRICT
collecting ... collected 356 items / 1 error

==================================== ERRORS ====================================
______ ERROR collecting tests/test_equation_engine/test_model_function.py ______
ImportError while importing test module '/Users/jmarwell/drip-3d.com/drip-team-portal/backend/tests/test_equation_engine/test_model_function.py'.
Hint: make sure your test modules/packages have valid Python names.
Traceback:
/opt/homebrew/Cellar/python@3.13/3.13.5/Frameworks/Python.framework/Versions/3.13/lib/python3.13/importlib/__init__.py:88: in import_module
    return _bootstrap._gcd_import(name[level:], package, level)
tests/test_equation_engine/test_model_function.py:16: in <module>
    from app.services.value_engine import (
E   ImportError: cannot import name 'MODEL_PATTERN' from 'app.services.value_engine' (/Users/jmarwell/drip-3d.com/drip-team-portal/backend/tests/test_analysis/../../app/services/value_engine.py)
=============================== warnings summary ===============================
../../../../../opt/homebrew/lib/python3.13/site-packages/pydantic/_internal/_config.py:323: 21 warnings
  /opt/homebrew/lib/python3.13/site-packages/pydantic/_internal/_config.py:323: PydanticDeprecatedSince20: Support for class-based `config` is deprecated, use ConfigDict instead. Deprecated in Pydantic V2.0 to be removed in V3.0. See Pydantic V2 Migration Guide at https://errors.pydantic.dev/2.11/migration/
    warnings.warn(DEPRECATION_MESSAGE, DeprecationWarning)

app/db/database.py:9
  /Users/jmarwell/drip-3d.com/drip-team-portal/backend/tests/test_analysis/../../app/db/database.py:9: MovedIn20Warning: The ``declarative_base()`` function is now available as sqlalchemy.orm.declarative_base(). (deprecated since: 2.0) (Background on SQLAlchemy 2.0 at: https://sqlalche.me/e/b8d9)
    Base = declarative_base()

app/api/v1/reports.py:26
  /Users/jmarwell/drip-3d.com/drip-team-portal/backend/tests/test_analysis/../../app/api/v1/reports.py:26: DeprecationWarning: `regex` has been deprecated, please use `pattern` instead
    format: str = Query("pdf", regex="^(pdf|excel)$"),

app/main.py:35
  /Users/jmarwell/drip-3d.com/drip-team-portal/backend/tests/test_analysis/../../app/main.py:35: DeprecationWarning: 
          on_event is deprecated, use lifespan event handlers instead.
  
          Read more about it in the
          [FastAPI docs for Lifespan Events](https://fastapi.tiangolo.com/advanced/events/).
          
    @app.on_event("startup")

../../../../../opt/homebrew/lib/python3.13/site-packages/fastapi/applications.py:4495
  /opt/homebrew/lib/python3.13/site-packages/fastapi/applications.py:4495: DeprecationWarning: 
          on_event is deprecated, use lifespan event handlers instead.
  
          Read more about it in the
          [FastAPI docs for Lifespan Events](https://fastapi.tiangolo.com/advanced/events/).
          
    return self.router.on_event(event_type)

tests/test_model_function/test_integration.py:259
  /Users/jmarwell/drip-3d.com/drip-team-portal/backend/tests/test_model_function/test_integration.py:259: PytestUnknownMarkWarning: Unknown pytest.mark.performance - is this a typo?  You can register custom marks to avoid this warning - for details, see https://docs.pytest.org/en/stable/how-to/mark.html
    @pytest.mark.performance

tests/test_model_function/test_integration.py:267
  /Users/jmarwell/drip-3d.com/drip-team-portal/backend/tests/test_model_function/test_integration.py:267: PytestUnknownMarkWarning: Unknown pytest.mark.performance - is this a typo?  You can register custom marks to avoid this warning - for details, see https://docs.pytest.org/en/stable/how-to/mark.html
    @pytest.mark.performance

tests/test_model_function/test_integration.py:275
  /Users/jmarwell/drip-3d.com/drip-team-portal/backend/tests/test_model_function/test_integration.py:275: PytestUnknownMarkWarning: Unknown pytest.mark.performance - is this a typo?  You can register custom marks to avoid this warning - for details, see https://docs.pytest.org/en/stable/how-to/mark.html
    @pytest.mark.performance

-- Docs: https://docs.pytest.org/en/stable/how-to/capture-warnings.html
=========================== short test summary info ============================
ERROR tests/test_equation_engine/test_model_function.py
!!!!!!!!!!!!!!!!!!!! Interrupted: 1 error during collection !!!!!!!!!!!!!!!!!!!!
======================== 28 warnings, 1 error in 2.42s =========================
